<?xml version="1.0" encoding="UTF-8"?>
<testsuite xmlns:xsi="http://www.w3.org/2001/XMLSchema-instance" xsi:noNamespaceSchemaLocation="https://maven.apache.org/surefire/maven-surefire-plugin/xsd/surefire-test-report-3.0.xsd" version="3.0" name="de.contacts.springcrm.SpringCRMApplicationTests" time="7.256" tests="1" errors="0" skipped="0" failures="0">
  <properties>
    <property name="java.specification.version" value="17"/>
    <property name="sun.cpu.isalist" value="amd64"/>
    <property name="sun.jnu.encoding" value="Cp1251"/>
    <property name="java.class.path" value="D:\java_projects\springcrm\target\test-classes;D:\java_projects\springcrm\target\classes;C:\Users\lenovo\.m2\repository\com\vaadin\vaadin\24.3.0\vaadin-24.3.0.jar;C:\Users\lenovo\.m2\repository\com\vaadin\vaadin-internal\24.3.0\vaadin-internal-24.3.0.jar;C:\Users\lenovo\.m2\repository\com\vaadin\vaadin-board-flow\24.3.0\vaadin-board-flow-24.3.0.jar;C:\Users\lenovo\.m2\repository\com\vaadin\vaadin-charts-flow\24.3.0\vaadin-charts-flow-24.3.0.jar;C:\Users\lenovo\.m2\repository\com\vaadin\vaadin-cookie-consent-flow\24.3.0\vaadin-cookie-consent-flow-24.3.0.jar;C:\Users\lenovo\.m2\repository\com\vaadin\vaadin-crud-flow\24.3.0\vaadin-crud-flow-24.3.0.jar;C:\Users\lenovo\.m2\repository\com\vaadin\vaadin-flow-components-base\24.3.0\vaadin-flow-components-base-24.3.0.jar;C:\Users\lenovo\.m2\repository\com\vaadin\vaadin-grid-pro-flow\24.3.0\vaadin-grid-pro-flow-24.3.0.jar;C:\Users\lenovo\.m2\repository\com\vaadin\vaadin-map-flow\24.3.0\vaadin-map-flow-24.3.0.jar;C:\Users\lenovo\.m2\repository\com\vaadin\vaadin-rich-text-editor-flow\24.3.0\vaadin-rich-text-editor-flow-24.3.0.jar;C:\Users\lenovo\.m2\repository\com\vaadin\collaboration-engine\6.2.1\collaboration-engine-6.2.1.jar;C:\Users\lenovo\.m2\repository\com\fasterxml\jackson\core\jackson-databind\2.15.3\jackson-databind-2.15.3.jar;C:\Users\lenovo\.m2\repository\com\fasterxml\jackson\core\jackson-annotations\2.15.3\jackson-annotations-2.15.3.jar;C:\Users\lenovo\.m2\repository\com\fasterxml\jackson\datatype\jackson-datatype-jsr310\2.15.3\jackson-datatype-jsr310-2.15.3.jar;C:\Users\lenovo\.m2\repository\com\vaadin\vaadin-spring-boot-starter\24.3.0\vaadin-spring-boot-starter-24.3.0.jar;C:\Users\lenovo\.m2\repository\com\vaadin\vaadin-spring\24.3.0\vaadin-spring-24.3.0.jar;C:\Users\lenovo\.m2\repository\com\vaadin\flow-server\24.3.0\flow-server-24.3.0.jar;C:\Users\lenovo\.m2\repository\com\vaadin\servletdetector\throw-if-servlet3\1.0.2\throw-if-servlet3-1.0.2.jar;C:\Users\lenovo\.m2\repository\org\apache\commons\commons-fileupload2-jakarta\2.0.0-M1\commons-fileupload2-jakarta-2.0.0-M1.jar;C:\Users\lenovo\.m2\repository\org\apache\commons\commons-fileupload2-core\2.0.0-M1\commons-fileupload2-core-2.0.0-M1.jar;C:\Users\lenovo\.m2\repository\commons-io\commons-io\2.15.0\commons-io-2.15.0.jar;C:\Users\lenovo\.m2\repository\com\fasterxml\jackson\core\jackson-core\2.15.3\jackson-core-2.15.3.jar;C:\Users\lenovo\.m2\repository\org\jsoup\jsoup\1.17.1\jsoup-1.17.1.jar;C:\Users\lenovo\.m2\repository\com\helger\ph-css\7.0.1\ph-css-7.0.1.jar;C:\Users\lenovo\.m2\repository\com\helger\commons\ph-commons\11.1.0\ph-commons-11.1.0.jar;C:\Users\lenovo\.m2\repository\org\ow2\asm\asm\9.6\asm-9.6.jar;C:\Users\lenovo\.m2\repository\com\vaadin\external\gentyref\1.2.0.vaadin1\gentyref-1.2.0.vaadin1.jar;C:\Users\lenovo\.m2\repository\org\apache\commons\commons-compress\1.25.0\commons-compress-1.25.0.jar;C:\Users\lenovo\.m2\repository\com\vaadin\flow-push\24.3.0\flow-push-24.3.0.jar;C:\Users\lenovo\.m2\repository\com\vaadin\external\atmosphere\atmosphere-runtime\3.0.3.slf4jvaadin2\atmosphere-runtime-3.0.3.slf4jvaadin2.jar;C:\Users\lenovo\.m2\repository\com\vaadin\flow-client\24.3.0\flow-client-24.3.0.jar;C:\Users\lenovo\.m2\repository\org\springframework\spring-webmvc\6.1.1\spring-webmvc-6.1.1.jar;C:\Users\lenovo\.m2\repository\org\springframework\spring-websocket\6.1.1\spring-websocket-6.1.1.jar;C:\Users\lenovo\.m2\repository\org\reflections\reflections\0.10.2\reflections-0.10.2.jar;C:\Users\lenovo\.m2\repository\com\google\code\findbugs\jsr305\3.0.2\jsr305-3.0.2.jar;C:\Users\lenovo\.m2\repository\org\springframework\boot\spring-boot-starter-web\3.2.0\spring-boot-starter-web-3.2.0.jar;C:\Users\lenovo\.m2\repository\org\springframework\boot\spring-boot-starter-json\3.2.0\spring-boot-starter-json-3.2.0.jar;C:\Users\lenovo\.m2\repository\com\fasterxml\jackson\datatype\jackson-datatype-jdk8\2.15.3\jackson-datatype-jdk8-2.15.3.jar;C:\Users\lenovo\.m2\repository\com\fasterxml\jackson\module\jackson-module-parameter-names\2.15.3\jackson-module-parameter-names-2.15.3.jar;C:\Users\lenovo\.m2\repository\org\springframework\boot\spring-boot-starter-tomcat\3.2.0\spring-boot-starter-tomcat-3.2.0.jar;C:\Users\lenovo\.m2\repository\org\apache\tomcat\embed\tomcat-embed-core\10.1.16\tomcat-embed-core-10.1.16.jar;C:\Users\lenovo\.m2\repository\org\apache\tomcat\embed\tomcat-embed-websocket\10.1.16\tomcat-embed-websocket-10.1.16.jar;C:\Users\lenovo\.m2\repository\org\springframework\spring-web\6.1.1\spring-web-6.1.1.jar;C:\Users\lenovo\.m2\repository\io\micrometer\micrometer-observation\1.12.0\micrometer-observation-1.12.0.jar;C:\Users\lenovo\.m2\repository\io\micrometer\micrometer-commons\1.12.0\micrometer-commons-1.12.0.jar;C:\Users\lenovo\.m2\repository\ch\qos\logback\logback-classic\1.4.11\logback-classic-1.4.11.jar;C:\Users\lenovo\.m2\repository\org\slf4j\slf4j-api\2.0.9\slf4j-api-2.0.9.jar;C:\Users\lenovo\.m2\repository\ch\qos\logback\logback-core\1.4.11\logback-core-1.4.11.jar;C:\Users\lenovo\.m2\repository\org\parttio\line-awesome\1.1.0\line-awesome-1.1.0.jar;C:\Users\lenovo\.m2\repository\com\h2database\h2\2.2.224\h2-2.2.224.jar;C:\Users\lenovo\.m2\repository\org\springframework\boot\spring-boot-starter-data-jpa\3.2.0\spring-boot-starter-data-jpa-3.2.0.jar;C:\Users\lenovo\.m2\repository\org\springframework\boot\spring-boot-starter-aop\3.2.0\spring-boot-starter-aop-3.2.0.jar;C:\Users\lenovo\.m2\repository\org\aspectj\aspectjweaver\1.9.20.1\aspectjweaver-1.9.20.1.jar;C:\Users\lenovo\.m2\repository\org\springframework\boot\spring-boot-starter-jdbc\3.2.0\spring-boot-starter-jdbc-3.2.0.jar;C:\Users\lenovo\.m2\repository\com\zaxxer\HikariCP\5.0.1\HikariCP-5.0.1.jar;C:\Users\lenovo\.m2\repository\org\springframework\spring-jdbc\6.1.1\spring-jdbc-6.1.1.jar;C:\Users\lenovo\.m2\repository\org\hibernate\orm\hibernate-core\6.3.1.Final\hibernate-core-6.3.1.Final.jar;C:\Users\lenovo\.m2\repository\jakarta\persistence\jakarta.persistence-api\3.1.0\jakarta.persistence-api-3.1.0.jar;C:\Users\lenovo\.m2\repository\jakarta\transaction\jakarta.transaction-api\2.0.1\jakarta.transaction-api-2.0.1.jar;C:\Users\lenovo\.m2\repository\org\jboss\logging\jboss-logging\3.5.3.Final\jboss-logging-3.5.3.Final.jar;C:\Users\lenovo\.m2\repository\org\hibernate\common\hibernate-commons-annotations\6.0.6.Final\hibernate-commons-annotations-6.0.6.Final.jar;C:\Users\lenovo\.m2\repository\io\smallrye\jandex\3.1.2\jandex-3.1.2.jar;C:\Users\lenovo\.m2\repository\com\fasterxml\classmate\1.6.0\classmate-1.6.0.jar;C:\Users\lenovo\.m2\repository\net\bytebuddy\byte-buddy\1.14.10\byte-buddy-1.14.10.jar;C:\Users\lenovo\.m2\repository\org\glassfish\jaxb\jaxb-runtime\4.0.4\jaxb-runtime-4.0.4.jar;C:\Users\lenovo\.m2\repository\org\glassfish\jaxb\jaxb-core\4.0.4\jaxb-core-4.0.4.jar;C:\Users\lenovo\.m2\repository\org\eclipse\angus\angus-activation\2.0.1\angus-activation-2.0.1.jar;C:\Users\lenovo\.m2\repository\org\glassfish\jaxb\txw2\4.0.4\txw2-4.0.4.jar;C:\Users\lenovo\.m2\repository\com\sun\istack\istack-commons-runtime\4.1.2\istack-commons-runtime-4.1.2.jar;C:\Users\lenovo\.m2\repository\jakarta\inject\jakarta.inject-api\2.0.1\jakarta.inject-api-2.0.1.jar;C:\Users\lenovo\.m2\repository\org\antlr\antlr4-runtime\4.10.1\antlr4-runtime-4.10.1.jar;C:\Users\lenovo\.m2\repository\org\springframework\data\spring-data-jpa\3.2.0\spring-data-jpa-3.2.0.jar;C:\Users\lenovo\.m2\repository\org\springframework\data\spring-data-commons\3.2.0\spring-data-commons-3.2.0.jar;C:\Users\lenovo\.m2\repository\org\springframework\spring-orm\6.1.1\spring-orm-6.1.1.jar;C:\Users\lenovo\.m2\repository\org\springframework\spring-context\6.1.1\spring-context-6.1.1.jar;C:\Users\lenovo\.m2\repository\org\springframework\spring-tx\6.1.1\spring-tx-6.1.1.jar;C:\Users\lenovo\.m2\repository\org\springframework\spring-beans\6.1.1\spring-beans-6.1.1.jar;C:\Users\lenovo\.m2\repository\jakarta\annotation\jakarta.annotation-api\2.1.1\jakarta.annotation-api-2.1.1.jar;C:\Users\lenovo\.m2\repository\org\springframework\spring-aspects\6.1.1\spring-aspects-6.1.1.jar;C:\Users\lenovo\.m2\repository\org\springframework\boot\spring-boot-starter-validation\3.2.0\spring-boot-starter-validation-3.2.0.jar;C:\Users\lenovo\.m2\repository\org\springframework\boot\spring-boot-starter\3.2.0\spring-boot-starter-3.2.0.jar;C:\Users\lenovo\.m2\repository\org\springframework\boot\spring-boot-starter-logging\3.2.0\spring-boot-starter-logging-3.2.0.jar;C:\Users\lenovo\.m2\repository\org\apache\logging\log4j\log4j-to-slf4j\2.21.1\log4j-to-slf4j-2.21.1.jar;C:\Users\lenovo\.m2\repository\org\apache\logging\log4j\log4j-api\2.21.1\log4j-api-2.21.1.jar;C:\Users\lenovo\.m2\repository\org\slf4j\jul-to-slf4j\2.0.9\jul-to-slf4j-2.0.9.jar;C:\Users\lenovo\.m2\repository\org\yaml\snakeyaml\2.2\snakeyaml-2.2.jar;C:\Users\lenovo\.m2\repository\org\apache\tomcat\embed\tomcat-embed-el\10.1.16\tomcat-embed-el-10.1.16.jar;C:\Users\lenovo\.m2\repository\org\hibernate\validator\hibernate-validator\8.0.1.Final\hibernate-validator-8.0.1.Final.jar;C:\Users\lenovo\.m2\repository\jakarta\validation\jakarta.validation-api\3.0.2\jakarta.validation-api-3.0.2.jar;C:\Users\lenovo\.m2\repository\org\springframework\boot\spring-boot-devtools\3.2.0\spring-boot-devtools-3.2.0.jar;C:\Users\lenovo\.m2\repository\org\springframework\boot\spring-boot\3.2.0\spring-boot-3.2.0.jar;C:\Users\lenovo\.m2\repository\org\springframework\boot\spring-boot-autoconfigure\3.2.0\spring-boot-autoconfigure-3.2.0.jar;C:\Users\lenovo\.m2\repository\org\springframework\boot\spring-boot-starter-security\3.2.0\spring-boot-starter-security-3.2.0.jar;C:\Users\lenovo\.m2\repository\org\springframework\spring-aop\6.1.1\spring-aop-6.1.1.jar;C:\Users\lenovo\.m2\repository\org\springframework\security\spring-security-config\6.2.0\spring-security-config-6.2.0.jar;C:\Users\lenovo\.m2\repository\org\springframework\security\spring-security-core\6.2.0\spring-security-core-6.2.0.jar;C:\Users\lenovo\.m2\repository\org\springframework\security\spring-security-crypto\6.2.0\spring-security-crypto-6.2.0.jar;C:\Users\lenovo\.m2\repository\org\springframework\security\spring-security-web\6.2.0\spring-security-web-6.2.0.jar;C:\Users\lenovo\.m2\repository\org\springframework\spring-expression\6.1.1\spring-expression-6.1.1.jar;C:\Users\lenovo\.m2\repository\org\springframework\boot\spring-boot-starter-test\3.2.0\spring-boot-starter-test-3.2.0.jar;C:\Users\lenovo\.m2\repository\org\springframework\boot\spring-boot-test\3.2.0\spring-boot-test-3.2.0.jar;C:\Users\lenovo\.m2\repository\org\springframework\boot\spring-boot-test-autoconfigure\3.2.0\spring-boot-test-autoconfigure-3.2.0.jar;C:\Users\lenovo\.m2\repository\com\jayway\jsonpath\json-path\2.8.0\json-path-2.8.0.jar;C:\Users\lenovo\.m2\repository\jakarta\xml\bind\jakarta.xml.bind-api\4.0.1\jakarta.xml.bind-api-4.0.1.jar;C:\Users\lenovo\.m2\repository\jakarta\activation\jakarta.activation-api\2.1.2\jakarta.activation-api-2.1.2.jar;C:\Users\lenovo\.m2\repository\net\minidev\json-smart\2.5.0\json-smart-2.5.0.jar;C:\Users\lenovo\.m2\repository\net\minidev\accessors-smart\2.5.0\accessors-smart-2.5.0.jar;C:\Users\lenovo\.m2\repository\org\assertj\assertj-core\3.24.2\assertj-core-3.24.2.jar;C:\Users\lenovo\.m2\repository\org\awaitility\awaitility\4.2.0\awaitility-4.2.0.jar;C:\Users\lenovo\.m2\repository\org\hamcrest\hamcrest\2.2\hamcrest-2.2.jar;C:\Users\lenovo\.m2\repository\org\junit\jupiter\junit-jupiter\5.10.1\junit-jupiter-5.10.1.jar;C:\Users\lenovo\.m2\repository\org\junit\jupiter\junit-jupiter-api\5.10.1\junit-jupiter-api-5.10.1.jar;C:\Users\lenovo\.m2\repository\org\opentest4j\opentest4j\1.3.0\opentest4j-1.3.0.jar;C:\Users\lenovo\.m2\repository\org\junit\platform\junit-platform-commons\1.10.1\junit-platform-commons-1.10.1.jar;C:\Users\lenovo\.m2\repository\org\apiguardian\apiguardian-api\1.1.2\apiguardian-api-1.1.2.jar;C:\Users\lenovo\.m2\repository\org\junit\jupiter\junit-jupiter-params\5.10.1\junit-jupiter-params-5.10.1.jar;C:\Users\lenovo\.m2\repository\org\junit\jupiter\junit-jupiter-engine\5.10.1\junit-jupiter-engine-5.10.1.jar;C:\Users\lenovo\.m2\repository\org\mockito\mockito-core\5.7.0\mockito-core-5.7.0.jar;C:\Users\lenovo\.m2\repository\net\bytebuddy\byte-buddy-agent\1.14.10\byte-buddy-agent-1.14.10.jar;C:\Users\lenovo\.m2\repository\org\objenesis\objenesis\3.3\objenesis-3.3.jar;C:\Users\lenovo\.m2\repository\org\mockito\mockito-junit-jupiter\5.7.0\mockito-junit-jupiter-5.7.0.jar;C:\Users\lenovo\.m2\repository\org\skyscreamer\jsonassert\1.5.1\jsonassert-1.5.1.jar;C:\Users\lenovo\.m2\repository\com\vaadin\external\google\android-json\0.0.20131108.vaadin1\android-json-0.0.20131108.vaadin1.jar;C:\Users\lenovo\.m2\repository\org\springframework\spring-core\6.1.1\spring-core-6.1.1.jar;C:\Users\lenovo\.m2\repository\org\springframework\spring-jcl\6.1.1\spring-jcl-6.1.1.jar;C:\Users\lenovo\.m2\repository\org\springframework\spring-test\6.1.1\spring-test-6.1.1.jar;C:\Users\lenovo\.m2\repository\org\xmlunit\xmlunit-core\2.9.1\xmlunit-core-2.9.1.jar;C:\Users\lenovo\.m2\repository\org\flywaydb\flyway-core\5.1.4\flyway-core-5.1.4.jar;C:\Users\lenovo\.m2\repository\com\vaadin\vaadin-testbench-junit5\24.3.0\vaadin-testbench-junit5-24.3.0.jar;C:\Users\lenovo\.m2\repository\com\vaadin\vaadin-testbench-core-junit5\9.2.0\vaadin-testbench-core-junit5-9.2.0.jar;C:\Users\lenovo\.m2\repository\org\seleniumhq\selenium\selenium-remote-driver\4.15.0\selenium-remote-driver-4.15.0.jar;C:\Users\lenovo\.m2\repository\com\google\auto\service\auto-service-annotations\1.1.1\auto-service-annotations-1.1.1.jar;C:\Users\lenovo\.m2\repository\com\google\guava\guava\32.1.2-jre\guava-32.1.2-jre.jar;C:\Users\lenovo\.m2\repository\com\google\guava\failureaccess\1.0.1\failureaccess-1.0.1.jar;C:\Users\lenovo\.m2\repository\com\google\guava\listenablefuture\9999.0-empty-to-avoid-conflict-with-guava\listenablefuture-9999.0-empty-to-avoid-conflict-with-guava.jar;C:\Users\lenovo\.m2\repository\com\google\errorprone\error_prone_annotations\2.18.0\error_prone_annotations-2.18.0.jar;C:\Users\lenovo\.m2\repository\com\google\j2objc\j2objc-annotations\2.8\j2objc-annotations-2.8.jar;C:\Users\lenovo\.m2\repository\io\opentelemetry\opentelemetry-api\1.31.0\opentelemetry-api-1.31.0.jar;C:\Users\lenovo\.m2\repository\io\opentelemetry\opentelemetry-context\1.31.0\opentelemetry-context-1.31.0.jar;C:\Users\lenovo\.m2\repository\io\opentelemetry\opentelemetry-exporter-logging\1.31.0\opentelemetry-exporter-logging-1.31.0.jar;C:\Users\lenovo\.m2\repository\io\opentelemetry\opentelemetry-sdk-common\1.31.0\opentelemetry-sdk-common-1.31.0.jar;C:\Users\lenovo\.m2\repository\io\opentelemetry\opentelemetry-sdk-extension-autoconfigure-spi\1.31.0\opentelemetry-sdk-extension-autoconfigure-spi-1.31.0.jar;C:\Users\lenovo\.m2\repository\io\opentelemetry\opentelemetry-sdk-extension-autoconfigure\1.31.0\opentelemetry-sdk-extension-autoconfigure-1.31.0.jar;C:\Users\lenovo\.m2\repository\io\opentelemetry\opentelemetry-api-events\1.31.0-alpha\opentelemetry-api-events-1.31.0-alpha.jar;C:\Users\lenovo\.m2\repository\io\opentelemetry\opentelemetry-sdk-trace\1.31.0\opentelemetry-sdk-trace-1.31.0.jar;C:\Users\lenovo\.m2\repository\io\opentelemetry\opentelemetry-sdk\1.31.0\opentelemetry-sdk-1.31.0.jar;C:\Users\lenovo\.m2\repository\io\opentelemetry\opentelemetry-sdk-metrics\1.31.0\opentelemetry-sdk-metrics-1.31.0.jar;C:\Users\lenovo\.m2\repository\io\opentelemetry\opentelemetry-extension-incubator\1.31.0-alpha\opentelemetry-extension-incubator-1.31.0-alpha.jar;C:\Users\lenovo\.m2\repository\io\opentelemetry\opentelemetry-sdk-logs\1.31.0\opentelemetry-sdk-logs-1.31.0.jar;C:\Users\lenovo\.m2\repository\io\opentelemetry\opentelemetry-semconv\1.28.0-alpha\opentelemetry-semconv-1.28.0-alpha.jar;C:\Users\lenovo\.m2\repository\org\seleniumhq\selenium\selenium-api\4.15.0\selenium-api-4.15.0.jar;C:\Users\lenovo\.m2\repository\org\seleniumhq\selenium\selenium-http\4.15.0\selenium-http-4.15.0.jar;C:\Users\lenovo\.m2\repository\dev\failsafe\failsafe\3.3.2\failsafe-3.3.2.jar;C:\Users\lenovo\.m2\repository\org\seleniumhq\selenium\selenium-json\4.15.0\selenium-json-4.15.0.jar;C:\Users\lenovo\.m2\repository\org\seleniumhq\selenium\selenium-manager\4.15.0\selenium-manager-4.15.0.jar;C:\Users\lenovo\.m2\repository\org\seleniumhq\selenium\selenium-os\4.15.0\selenium-os-4.15.0.jar;C:\Users\lenovo\.m2\repository\org\apache\commons\commons-exec\1.3\commons-exec-1.3.jar;C:\Users\lenovo\.m2\repository\org\seleniumhq\selenium\selenium-java\4.15.0\selenium-java-4.15.0.jar;C:\Users\lenovo\.m2\repository\org\seleniumhq\selenium\selenium-chrome-driver\4.15.0\selenium-chrome-driver-4.15.0.jar;C:\Users\lenovo\.m2\repository\org\seleniumhq\selenium\selenium-chromium-driver\4.15.0\selenium-chromium-driver-4.15.0.jar;C:\Users\lenovo\.m2\repository\org\seleniumhq\selenium\selenium-devtools-v117\4.15.0\selenium-devtools-v117-4.15.0.jar;C:\Users\lenovo\.m2\repository\org\seleniumhq\selenium\selenium-devtools-v118\4.15.0\selenium-devtools-v118-4.15.0.jar;C:\Users\lenovo\.m2\repository\org\seleniumhq\selenium\selenium-devtools-v119\4.15.0\selenium-devtools-v119-4.15.0.jar;C:\Users\lenovo\.m2\repository\org\seleniumhq\selenium\selenium-devtools-v85\4.15.0\selenium-devtools-v85-4.15.0.jar;C:\Users\lenovo\.m2\repository\org\seleniumhq\selenium\selenium-edge-driver\4.15.0\selenium-edge-driver-4.15.0.jar;C:\Users\lenovo\.m2\repository\org\seleniumhq\selenium\selenium-firefox-driver\4.15.0\selenium-firefox-driver-4.15.0.jar;C:\Users\lenovo\.m2\repository\org\seleniumhq\selenium\selenium-ie-driver\4.15.0\selenium-ie-driver-4.15.0.jar;C:\Users\lenovo\.m2\repository\org\seleniumhq\selenium\selenium-safari-driver\4.15.0\selenium-safari-driver-4.15.0.jar;C:\Users\lenovo\.m2\repository\org\seleniumhq\selenium\selenium-support\4.15.0\selenium-support-4.15.0.jar;C:\Users\lenovo\.m2\repository\org\junit\platform\junit-platform-engine\1.10.1\junit-platform-engine-1.10.1.jar;C:\Users\lenovo\.m2\repository\org\javassist\javassist\3.28.0-GA\javassist-3.28.0-GA.jar;C:\Users\lenovo\.m2\repository\com\vaadin\license-checker\1.12.3\license-checker-1.12.3.jar;C:\Users\lenovo\.m2\repository\com\github\oshi\oshi-core\6.4.1\oshi-core-6.4.1.jar;C:\Users\lenovo\.m2\repository\net\java\dev\jna\jna\5.13.0\jna-5.13.0.jar;C:\Users\lenovo\.m2\repository\net\java\dev\jna\jna-platform\5.13.0\jna-platform-5.13.0.jar;C:\Users\lenovo\.m2\repository\com\nimbusds\nimbus-jose-jwt\9.31\nimbus-jose-jwt-9.31.jar;C:\Users\lenovo\.m2\repository\org\lucee\jcip-annotations\1.0.0\jcip-annotations-1.0.0.jar;C:\Users\lenovo\.m2\repository\com\vaadin\open\8.5.0\open-8.5.0.jar;C:\Users\lenovo\.m2\repository\com\vaadin\external\gwt\gwt-elemental\2.8.2.vaadin2\gwt-elemental-2.8.2.vaadin2.jar;C:\Users\lenovo\.m2\repository\com\vaadin\vaadin-testbench-unit-junit5\9.2.0\vaadin-testbench-unit-junit5-9.2.0.jar;C:\Users\lenovo\.m2\repository\com\vaadin\vaadin-testbench-unit-shared\9.2.0\vaadin-testbench-unit-shared-9.2.0.jar;C:\Users\lenovo\.m2\repository\io\github\classgraph\classgraph\4.8.146\classgraph-4.8.146.jar;C:\Users\lenovo\.m2\repository\jakarta\servlet\jakarta.servlet-api\6.0.0\jakarta.servlet-api-6.0.0.jar;C:\Users\lenovo\.m2\repository\org\jetbrains\kotlin\kotlin-stdlib-jdk8\1.9.20\kotlin-stdlib-jdk8-1.9.20.jar;C:\Users\lenovo\.m2\repository\org\jetbrains\kotlin\kotlin-stdlib\1.9.20\kotlin-stdlib-1.9.20.jar;C:\Users\lenovo\.m2\repository\org\jetbrains\annotations\13.0\annotations-13.0.jar;C:\Users\lenovo\.m2\repository\org\jetbrains\kotlin\kotlin-stdlib-jdk7\1.9.20\kotlin-stdlib-jdk7-1.9.20.jar;C:\Users\lenovo\.m2\repository\org\jetbrains\kotlin\kotlin-reflect\1.9.20\kotlin-reflect-1.9.20.jar;C:\Users\lenovo\.m2\repository\com\vaadin\vaadin-testbench-shared\9.2.0\vaadin-testbench-shared-9.2.0.jar;C:\Users\lenovo\.m2\repository\commons-codec\commons-codec\1.16.0\commons-codec-1.16.0.jar;C:\Users\lenovo\.m2\repository\com\vaadin\flow-html-components-testbench\24.3.0\flow-html-components-testbench-24.3.0.jar;C:\Users\lenovo\.m2\repository\com\vaadin\vaadin-accordion-testbench\24.3.0\vaadin-accordion-testbench-24.3.0.jar;C:\Users\lenovo\.m2\repository\com\vaadin\vaadin-app-layout-testbench\24.3.0\vaadin-app-layout-testbench-24.3.0.jar;C:\Users\lenovo\.m2\repository\com\vaadin\vaadin-avatar-testbench\24.3.0\vaadin-avatar-testbench-24.3.0.jar;C:\Users\lenovo\.m2\repository\com\vaadin\vaadin-board-testbench\24.3.0\vaadin-board-testbench-24.3.0.jar;C:\Users\lenovo\.m2\repository\com\vaadin\vaadin-button-testbench\24.3.0\vaadin-button-testbench-24.3.0.jar;C:\Users\lenovo\.m2\repository\com\vaadin\vaadin-charts-testbench\24.3.0\vaadin-charts-testbench-24.3.0.jar;C:\Users\lenovo\.m2\repository\com\vaadin\vaadin-checkbox-testbench\24.3.0\vaadin-checkbox-testbench-24.3.0.jar;C:\Users\lenovo\.m2\repository\com\vaadin\vaadin-combo-box-testbench\24.3.0\vaadin-combo-box-testbench-24.3.0.jar;C:\Users\lenovo\.m2\repository\com\vaadin\vaadin-confirm-dialog-testbench\24.3.0\vaadin-confirm-dialog-testbench-24.3.0.jar;C:\Users\lenovo\.m2\repository\com\vaadin\vaadin-context-menu-testbench\24.3.0\vaadin-context-menu-testbench-24.3.0.jar;C:\Users\lenovo\.m2\repository\com\vaadin\vaadin-cookie-consent-testbench\24.3.0\vaadin-cookie-consent-testbench-24.3.0.jar;C:\Users\lenovo\.m2\repository\com\vaadin\vaadin-crud-testbench\24.3.0\vaadin-crud-testbench-24.3.0.jar;C:\Users\lenovo\.m2\repository\com\vaadin\vaadin-custom-field-testbench\24.3.0\vaadin-custom-field-testbench-24.3.0.jar;C:\Users\lenovo\.m2\repository\com\vaadin\vaadin-date-picker-testbench\24.3.0\vaadin-date-picker-testbench-24.3.0.jar;C:\Users\lenovo\.m2\repository\com\vaadin\vaadin-date-time-picker-testbench\24.3.0\vaadin-date-time-picker-testbench-24.3.0.jar;C:\Users\lenovo\.m2\repository\com\vaadin\vaadin-details-testbench\24.3.0\vaadin-details-testbench-24.3.0.jar;C:\Users\lenovo\.m2\repository\com\vaadin\vaadin-dialog-testbench\24.3.0\vaadin-dialog-testbench-24.3.0.jar;C:\Users\lenovo\.m2\repository\com\vaadin\vaadin-form-layout-testbench\24.3.0\vaadin-form-layout-testbench-24.3.0.jar;C:\Users\lenovo\.m2\repository\com\vaadin\vaadin-grid-testbench\24.3.0\vaadin-grid-testbench-24.3.0.jar;C:\Users\lenovo\.m2\repository\com\vaadin\vaadin-grid-pro-testbench\24.3.0\vaadin-grid-pro-testbench-24.3.0.jar;C:\Users\lenovo\.m2\repository\com\vaadin\vaadin-icons-testbench\24.3.0\vaadin-icons-testbench-24.3.0.jar;C:\Users\lenovo\.m2\repository\com\vaadin\vaadin-virtual-list-testbench\24.3.0\vaadin-virtual-list-testbench-24.3.0.jar;C:\Users\lenovo\.m2\repository\com\vaadin\vaadin-list-box-testbench\24.3.0\vaadin-list-box-testbench-24.3.0.jar;C:\Users\lenovo\.m2\repository\com\vaadin\vaadin-login-testbench\24.3.0\vaadin-login-testbench-24.3.0.jar;C:\Users\lenovo\.m2\repository\com\vaadin\vaadin-menu-bar-testbench\24.3.0\vaadin-menu-bar-testbench-24.3.0.jar;C:\Users\lenovo\.m2\repository\com\vaadin\vaadin-messages-testbench\24.3.0\vaadin-messages-testbench-24.3.0.jar;C:\Users\lenovo\.m2\repository\com\vaadin\vaadin-notification-testbench\24.3.0\vaadin-notification-testbench-24.3.0.jar;C:\Users\lenovo\.m2\repository\com\vaadin\vaadin-ordered-layout-testbench\24.3.0\vaadin-ordered-layout-testbench-24.3.0.jar;C:\Users\lenovo\.m2\repository\com\vaadin\vaadin-progress-bar-testbench\24.3.0\vaadin-progress-bar-testbench-24.3.0.jar;C:\Users\lenovo\.m2\repository\com\vaadin\vaadin-radio-button-testbench\24.3.0\vaadin-radio-button-testbench-24.3.0.jar;C:\Users\lenovo\.m2\repository\com\vaadin\vaadin-rich-text-editor-testbench\24.3.0\vaadin-rich-text-editor-testbench-24.3.0.jar;C:\Users\lenovo\.m2\repository\com\vaadin\vaadin-select-testbench\24.3.0\vaadin-select-testbench-24.3.0.jar;C:\Users\lenovo\.m2\repository\com\vaadin\vaadin-split-layout-testbench\24.3.0\vaadin-split-layout-testbench-24.3.0.jar;C:\Users\lenovo\.m2\repository\com\vaadin\vaadin-tabs-testbench\24.3.0\vaadin-tabs-testbench-24.3.0.jar;C:\Users\lenovo\.m2\repository\com\vaadin\vaadin-text-field-testbench\24.3.0\vaadin-text-field-testbench-24.3.0.jar;C:\Users\lenovo\.m2\repository\com\vaadin\vaadin-time-picker-testbench\24.3.0\vaadin-time-picker-testbench-24.3.0.jar;C:\Users\lenovo\.m2\repository\com\vaadin\vaadin-upload-testbench\24.3.0\vaadin-upload-testbench-24.3.0.jar;C:\Users\lenovo\.m2\repository\com\vaadin\vaadin-core\24.3.0\vaadin-core-24.3.0.jar;C:\Users\lenovo\.m2\repository\com\vaadin\vaadin-core-internal\24.3.0\vaadin-core-internal-24.3.0.jar;C:\Users\lenovo\.m2\repository\com\vaadin\flow-lit-template\24.3.0\flow-lit-template-24.3.0.jar;C:\Users\lenovo\.m2\repository\com\vaadin\flow-html-components\24.3.0\flow-html-components-24.3.0.jar;C:\Users\lenovo\.m2\repository\com\vaadin\flow-data\24.3.0\flow-data-24.3.0.jar;C:\Users\lenovo\.m2\repository\com\vaadin\flow-dnd\24.3.0\flow-dnd-24.3.0.jar;C:\Users\lenovo\.m2\repository\com\vaadin\vaadin-lumo-theme\24.3.0\vaadin-lumo-theme-24.3.0.jar;C:\Users\lenovo\.m2\repository\com\vaadin\vaadin-material-theme\24.3.0\vaadin-material-theme-24.3.0.jar;C:\Users\lenovo\.m2\repository\com\vaadin\vaadin-accordion-flow\24.3.0\vaadin-accordion-flow-24.3.0.jar;C:\Users\lenovo\.m2\repository\com\vaadin\vaadin-avatar-flow\24.3.0\vaadin-avatar-flow-24.3.0.jar;C:\Users\lenovo\.m2\repository\com\vaadin\vaadin-button-flow\24.3.0\vaadin-button-flow-24.3.0.jar;C:\Users\lenovo\.m2\repository\com\vaadin\vaadin-checkbox-flow\24.3.0\vaadin-checkbox-flow-24.3.0.jar;C:\Users\lenovo\.m2\repository\com\vaadin\vaadin-combo-box-flow\24.3.0\vaadin-combo-box-flow-24.3.0.jar;C:\Users\lenovo\.m2\repository\com\vaadin\vaadin-confirm-dialog-flow\24.3.0\vaadin-confirm-dialog-flow-24.3.0.jar;C:\Users\lenovo\.m2\repository\com\vaadin\vaadin-custom-field-flow\24.3.0\vaadin-custom-field-flow-24.3.0.jar;C:\Users\lenovo\.m2\repository\com\vaadin\vaadin-date-picker-flow\24.3.0\vaadin-date-picker-flow-24.3.0.jar;C:\Users\lenovo\.m2\repository\com\vaadin\vaadin-date-time-picker-flow\24.3.0\vaadin-date-time-picker-flow-24.3.0.jar;C:\Users\lenovo\.m2\repository\com\vaadin\vaadin-details-flow\24.3.0\vaadin-details-flow-24.3.0.jar;C:\Users\lenovo\.m2\repository\com\vaadin\vaadin-time-picker-flow\24.3.0\vaadin-time-picker-flow-24.3.0.jar;C:\Users\lenovo\.m2\repository\com\vaadin\vaadin-select-flow\24.3.0\vaadin-select-flow-24.3.0.jar;C:\Users\lenovo\.m2\repository\com\vaadin\vaadin-side-nav-flow\24.3.0\vaadin-side-nav-flow-24.3.0.jar;C:\Users\lenovo\.m2\repository\com\vaadin\vaadin-dialog-flow\24.3.0\vaadin-dialog-flow-24.3.0.jar;C:\Users\lenovo\.m2\repository\com\vaadin\vaadin-form-layout-flow\24.3.0\vaadin-form-layout-flow-24.3.0.jar;C:\Users\lenovo\.m2\repository\com\vaadin\vaadin-field-highlighter-flow\24.3.0\vaadin-field-highlighter-flow-24.3.0.jar;C:\Users\lenovo\.m2\repository\com\vaadin\vaadin-grid-flow\24.3.0\vaadin-grid-flow-24.3.0.jar;C:\Users\lenovo\.m2\repository\org\apache\commons\commons-lang3\3.13.0\commons-lang3-3.13.0.jar;C:\Users\lenovo\.m2\repository\com\vaadin\vaadin-icons-flow\24.3.0\vaadin-icons-flow-24.3.0.jar;C:\Users\lenovo\.m2\repository\com\vaadin\vaadin-virtual-list-flow\24.3.0\vaadin-virtual-list-flow-24.3.0.jar;C:\Users\lenovo\.m2\repository\com\vaadin\vaadin-list-box-flow\24.3.0\vaadin-list-box-flow-24.3.0.jar;C:\Users\lenovo\.m2\repository\com\vaadin\vaadin-login-flow\24.3.0\vaadin-login-flow-24.3.0.jar;C:\Users\lenovo\.m2\repository\com\vaadin\vaadin-messages-flow\24.3.0\vaadin-messages-flow-24.3.0.jar;C:\Users\lenovo\.m2\repository\com\vaadin\vaadin-ordered-layout-flow\24.3.0\vaadin-ordered-layout-flow-24.3.0.jar;C:\Users\lenovo\.m2\repository\com\vaadin\vaadin-progress-bar-flow\24.3.0\vaadin-progress-bar-flow-24.3.0.jar;C:\Users\lenovo\.m2\repository\com\vaadin\vaadin-radio-button-flow\24.3.0\vaadin-radio-button-flow-24.3.0.jar;C:\Users\lenovo\.m2\repository\com\vaadin\vaadin-renderer-flow\24.3.0\vaadin-renderer-flow-24.3.0.jar;C:\Users\lenovo\.m2\repository\com\vaadin\vaadin-split-layout-flow\24.3.0\vaadin-split-layout-flow-24.3.0.jar;C:\Users\lenovo\.m2\repository\com\vaadin\vaadin-tabs-flow\24.3.0\vaadin-tabs-flow-24.3.0.jar;C:\Users\lenovo\.m2\repository\com\vaadin\vaadin-text-field-flow\24.3.0\vaadin-text-field-flow-24.3.0.jar;C:\Users\lenovo\.m2\repository\com\vaadin\vaadin-upload-flow\24.3.0\vaadin-upload-flow-24.3.0.jar;C:\Users\lenovo\.m2\repository\com\vaadin\vaadin-notification-flow\24.3.0\vaadin-notification-flow-24.3.0.jar;C:\Users\lenovo\.m2\repository\com\vaadin\vaadin-app-layout-flow\24.3.0\vaadin-app-layout-flow-24.3.0.jar;C:\Users\lenovo\.m2\repository\com\vaadin\vaadin-context-menu-flow\24.3.0\vaadin-context-menu-flow-24.3.0.jar;C:\Users\lenovo\.m2\repository\com\vaadin\vaadin-menu-bar-flow\24.3.0\vaadin-menu-bar-flow-24.3.0.jar;C:\Users\lenovo\.m2\repository\org\postgresql\postgresql\42.6.0\postgresql-42.6.0.jar;C:\Users\lenovo\.m2\repository\org\checkerframework\checker-qual\3.31.0\checker-qual-3.31.0.jar;"/>
    <property name="java.vm.vendor" value="Oracle Corporation"/>
    <property name="sun.arch.data.model" value="64"/>
    <property name="user.variant" value=""/>
    <property name="spring.devtools.livereload.port" value="35729"/>
    <property name="java.vendor.url" value="https://java.oracle.com/"/>
    <property name="user.timezone" value="Europe/Berlin"/>
    <property name="org.jboss.logging.provider" value="slf4j"/>
    <property name="user.country.format" value="DE"/>
    <property name="os.name" value="Windows 10"/>
    <property name="java.vm.specification.version" value="17"/>
    <property name="sun.java.launcher" value="SUN_STANDARD"/>
    <property name="user.country" value="RU"/>
    <property name="sun.boot.library.path" value="C:\Program Files\Java\jdk-17\bin"/>
    <property name="sun.java.command" value="C:\Users\lenovo\AppData\Local\Temp\surefire9663300940988694855\surefirebooter-20240904171520535_3.jar C:\Users\lenovo\AppData\Local\Temp\surefire9663300940988694855 2024-09-04T17-15-20_402-jvmRun1 surefire-20240904171520535_1tmp surefire_0-20240904171520535_2tmp"/>
    <property name="jdk.debug" value="release"/>
    <property name="surefire.test.class.path" value="D:\java_projects\springcrm\target\test-classes;D:\java_projects\springcrm\target\classes;C:\Users\lenovo\.m2\repository\com\vaadin\vaadin\24.3.0\vaadin-24.3.0.jar;C:\Users\lenovo\.m2\repository\com\vaadin\vaadin-internal\24.3.0\vaadin-internal-24.3.0.jar;C:\Users\lenovo\.m2\repository\com\vaadin\vaadin-board-flow\24.3.0\vaadin-board-flow-24.3.0.jar;C:\Users\lenovo\.m2\repository\com\vaadin\vaadin-charts-flow\24.3.0\vaadin-charts-flow-24.3.0.jar;C:\Users\lenovo\.m2\repository\com\vaadin\vaadin-cookie-consent-flow\24.3.0\vaadin-cookie-consent-flow-24.3.0.jar;C:\Users\lenovo\.m2\repository\com\vaadin\vaadin-crud-flow\24.3.0\vaadin-crud-flow-24.3.0.jar;C:\Users\lenovo\.m2\repository\com\vaadin\vaadin-flow-components-base\24.3.0\vaadin-flow-components-base-24.3.0.jar;C:\Users\lenovo\.m2\repository\com\vaadin\vaadin-grid-pro-flow\24.3.0\vaadin-grid-pro-flow-24.3.0.jar;C:\Users\lenovo\.m2\repository\com\vaadin\vaadin-map-flow\24.3.0\vaadin-map-flow-24.3.0.jar;C:\Users\lenovo\.m2\repository\com\vaadin\vaadin-rich-text-editor-flow\24.3.0\vaadin-rich-text-editor-flow-24.3.0.jar;C:\Users\lenovo\.m2\repository\com\vaadin\collaboration-engine\6.2.1\collaboration-engine-6.2.1.jar;C:\Users\lenovo\.m2\repository\com\fasterxml\jackson\core\jackson-databind\2.15.3\jackson-databind-2.15.3.jar;C:\Users\lenovo\.m2\repository\com\fasterxml\jackson\core\jackson-annotations\2.15.3\jackson-annotations-2.15.3.jar;C:\Users\lenovo\.m2\repository\com\fasterxml\jackson\datatype\jackson-datatype-jsr310\2.15.3\jackson-datatype-jsr310-2.15.3.jar;C:\Users\lenovo\.m2\repository\com\vaadin\vaadin-spring-boot-starter\24.3.0\vaadin-spring-boot-starter-24.3.0.jar;C:\Users\lenovo\.m2\repository\com\vaadin\vaadin-spring\24.3.0\vaadin-spring-24.3.0.jar;C:\Users\lenovo\.m2\repository\com\vaadin\flow-server\24.3.0\flow-server-24.3.0.jar;C:\Users\lenovo\.m2\repository\com\vaadin\servletdetector\throw-if-servlet3\1.0.2\throw-if-servlet3-1.0.2.jar;C:\Users\lenovo\.m2\repository\org\apache\commons\commons-fileupload2-jakarta\2.0.0-M1\commons-fileupload2-jakarta-2.0.0-M1.jar;C:\Users\lenovo\.m2\repository\org\apache\commons\commons-fileupload2-core\2.0.0-M1\commons-fileupload2-core-2.0.0-M1.jar;C:\Users\lenovo\.m2\repository\commons-io\commons-io\2.15.0\commons-io-2.15.0.jar;C:\Users\lenovo\.m2\repository\com\fasterxml\jackson\core\jackson-core\2.15.3\jackson-core-2.15.3.jar;C:\Users\lenovo\.m2\repository\org\jsoup\jsoup\1.17.1\jsoup-1.17.1.jar;C:\Users\lenovo\.m2\repository\com\helger\ph-css\7.0.1\ph-css-7.0.1.jar;C:\Users\lenovo\.m2\repository\com\helger\commons\ph-commons\11.1.0\ph-commons-11.1.0.jar;C:\Users\lenovo\.m2\repository\org\ow2\asm\asm\9.6\asm-9.6.jar;C:\Users\lenovo\.m2\repository\com\vaadin\external\gentyref\1.2.0.vaadin1\gentyref-1.2.0.vaadin1.jar;C:\Users\lenovo\.m2\repository\org\apache\commons\commons-compress\1.25.0\commons-compress-1.25.0.jar;C:\Users\lenovo\.m2\repository\com\vaadin\flow-push\24.3.0\flow-push-24.3.0.jar;C:\Users\lenovo\.m2\repository\com\vaadin\external\atmosphere\atmosphere-runtime\3.0.3.slf4jvaadin2\atmosphere-runtime-3.0.3.slf4jvaadin2.jar;C:\Users\lenovo\.m2\repository\com\vaadin\flow-client\24.3.0\flow-client-24.3.0.jar;C:\Users\lenovo\.m2\repository\org\springframework\spring-webmvc\6.1.1\spring-webmvc-6.1.1.jar;C:\Users\lenovo\.m2\repository\org\springframework\spring-websocket\6.1.1\spring-websocket-6.1.1.jar;C:\Users\lenovo\.m2\repository\org\reflections\reflections\0.10.2\reflections-0.10.2.jar;C:\Users\lenovo\.m2\repository\com\google\code\findbugs\jsr305\3.0.2\jsr305-3.0.2.jar;C:\Users\lenovo\.m2\repository\org\springframework\boot\spring-boot-starter-web\3.2.0\spring-boot-starter-web-3.2.0.jar;C:\Users\lenovo\.m2\repository\org\springframework\boot\spring-boot-starter-json\3.2.0\spring-boot-starter-json-3.2.0.jar;C:\Users\lenovo\.m2\repository\com\fasterxml\jackson\datatype\jackson-datatype-jdk8\2.15.3\jackson-datatype-jdk8-2.15.3.jar;C:\Users\lenovo\.m2\repository\com\fasterxml\jackson\module\jackson-module-parameter-names\2.15.3\jackson-module-parameter-names-2.15.3.jar;C:\Users\lenovo\.m2\repository\org\springframework\boot\spring-boot-starter-tomcat\3.2.0\spring-boot-starter-tomcat-3.2.0.jar;C:\Users\lenovo\.m2\repository\org\apache\tomcat\embed\tomcat-embed-core\10.1.16\tomcat-embed-core-10.1.16.jar;C:\Users\lenovo\.m2\repository\org\apache\tomcat\embed\tomcat-embed-websocket\10.1.16\tomcat-embed-websocket-10.1.16.jar;C:\Users\lenovo\.m2\repository\org\springframework\spring-web\6.1.1\spring-web-6.1.1.jar;C:\Users\lenovo\.m2\repository\io\micrometer\micrometer-observation\1.12.0\micrometer-observation-1.12.0.jar;C:\Users\lenovo\.m2\repository\io\micrometer\micrometer-commons\1.12.0\micrometer-commons-1.12.0.jar;C:\Users\lenovo\.m2\repository\ch\qos\logback\logback-classic\1.4.11\logback-classic-1.4.11.jar;C:\Users\lenovo\.m2\repository\org\slf4j\slf4j-api\2.0.9\slf4j-api-2.0.9.jar;C:\Users\lenovo\.m2\repository\ch\qos\logback\logback-core\1.4.11\logback-core-1.4.11.jar;C:\Users\lenovo\.m2\repository\org\parttio\line-awesome\1.1.0\line-awesome-1.1.0.jar;C:\Users\lenovo\.m2\repository\com\h2database\h2\2.2.224\h2-2.2.224.jar;C:\Users\lenovo\.m2\repository\org\springframework\boot\spring-boot-starter-data-jpa\3.2.0\spring-boot-starter-data-jpa-3.2.0.jar;C:\Users\lenovo\.m2\repository\org\springframework\boot\spring-boot-starter-aop\3.2.0\spring-boot-starter-aop-3.2.0.jar;C:\Users\lenovo\.m2\repository\org\aspectj\aspectjweaver\1.9.20.1\aspectjweaver-1.9.20.1.jar;C:\Users\lenovo\.m2\repository\org\springframework\boot\spring-boot-starter-jdbc\3.2.0\spring-boot-starter-jdbc-3.2.0.jar;C:\Users\lenovo\.m2\repository\com\zaxxer\HikariCP\5.0.1\HikariCP-5.0.1.jar;C:\Users\lenovo\.m2\repository\org\springframework\spring-jdbc\6.1.1\spring-jdbc-6.1.1.jar;C:\Users\lenovo\.m2\repository\org\hibernate\orm\hibernate-core\6.3.1.Final\hibernate-core-6.3.1.Final.jar;C:\Users\lenovo\.m2\repository\jakarta\persistence\jakarta.persistence-api\3.1.0\jakarta.persistence-api-3.1.0.jar;C:\Users\lenovo\.m2\repository\jakarta\transaction\jakarta.transaction-api\2.0.1\jakarta.transaction-api-2.0.1.jar;C:\Users\lenovo\.m2\repository\org\jboss\logging\jboss-logging\3.5.3.Final\jboss-logging-3.5.3.Final.jar;C:\Users\lenovo\.m2\repository\org\hibernate\common\hibernate-commons-annotations\6.0.6.Final\hibernate-commons-annotations-6.0.6.Final.jar;C:\Users\lenovo\.m2\repository\io\smallrye\jandex\3.1.2\jandex-3.1.2.jar;C:\Users\lenovo\.m2\repository\com\fasterxml\classmate\1.6.0\classmate-1.6.0.jar;C:\Users\lenovo\.m2\repository\net\bytebuddy\byte-buddy\1.14.10\byte-buddy-1.14.10.jar;C:\Users\lenovo\.m2\repository\org\glassfish\jaxb\jaxb-runtime\4.0.4\jaxb-runtime-4.0.4.jar;C:\Users\lenovo\.m2\repository\org\glassfish\jaxb\jaxb-core\4.0.4\jaxb-core-4.0.4.jar;C:\Users\lenovo\.m2\repository\org\eclipse\angus\angus-activation\2.0.1\angus-activation-2.0.1.jar;C:\Users\lenovo\.m2\repository\org\glassfish\jaxb\txw2\4.0.4\txw2-4.0.4.jar;C:\Users\lenovo\.m2\repository\com\sun\istack\istack-commons-runtime\4.1.2\istack-commons-runtime-4.1.2.jar;C:\Users\lenovo\.m2\repository\jakarta\inject\jakarta.inject-api\2.0.1\jakarta.inject-api-2.0.1.jar;C:\Users\lenovo\.m2\repository\org\antlr\antlr4-runtime\4.10.1\antlr4-runtime-4.10.1.jar;C:\Users\lenovo\.m2\repository\org\springframework\data\spring-data-jpa\3.2.0\spring-data-jpa-3.2.0.jar;C:\Users\lenovo\.m2\repository\org\springframework\data\spring-data-commons\3.2.0\spring-data-commons-3.2.0.jar;C:\Users\lenovo\.m2\repository\org\springframework\spring-orm\6.1.1\spring-orm-6.1.1.jar;C:\Users\lenovo\.m2\repository\org\springframework\spring-context\6.1.1\spring-context-6.1.1.jar;C:\Users\lenovo\.m2\repository\org\springframework\spring-tx\6.1.1\spring-tx-6.1.1.jar;C:\Users\lenovo\.m2\repository\org\springframework\spring-beans\6.1.1\spring-beans-6.1.1.jar;C:\Users\lenovo\.m2\repository\jakarta\annotation\jakarta.annotation-api\2.1.1\jakarta.annotation-api-2.1.1.jar;C:\Users\lenovo\.m2\repository\org\springframework\spring-aspects\6.1.1\spring-aspects-6.1.1.jar;C:\Users\lenovo\.m2\repository\org\springframework\boot\spring-boot-starter-validation\3.2.0\spring-boot-starter-validation-3.2.0.jar;C:\Users\lenovo\.m2\repository\org\springframework\boot\spring-boot-starter\3.2.0\spring-boot-starter-3.2.0.jar;C:\Users\lenovo\.m2\repository\org\springframework\boot\spring-boot-starter-logging\3.2.0\spring-boot-starter-logging-3.2.0.jar;C:\Users\lenovo\.m2\repository\org\apache\logging\log4j\log4j-to-slf4j\2.21.1\log4j-to-slf4j-2.21.1.jar;C:\Users\lenovo\.m2\repository\org\apache\logging\log4j\log4j-api\2.21.1\log4j-api-2.21.1.jar;C:\Users\lenovo\.m2\repository\org\slf4j\jul-to-slf4j\2.0.9\jul-to-slf4j-2.0.9.jar;C:\Users\lenovo\.m2\repository\org\yaml\snakeyaml\2.2\snakeyaml-2.2.jar;C:\Users\lenovo\.m2\repository\org\apache\tomcat\embed\tomcat-embed-el\10.1.16\tomcat-embed-el-10.1.16.jar;C:\Users\lenovo\.m2\repository\org\hibernate\validator\hibernate-validator\8.0.1.Final\hibernate-validator-8.0.1.Final.jar;C:\Users\lenovo\.m2\repository\jakarta\validation\jakarta.validation-api\3.0.2\jakarta.validation-api-3.0.2.jar;C:\Users\lenovo\.m2\repository\org\springframework\boot\spring-boot-devtools\3.2.0\spring-boot-devtools-3.2.0.jar;C:\Users\lenovo\.m2\repository\org\springframework\boot\spring-boot\3.2.0\spring-boot-3.2.0.jar;C:\Users\lenovo\.m2\repository\org\springframework\boot\spring-boot-autoconfigure\3.2.0\spring-boot-autoconfigure-3.2.0.jar;C:\Users\lenovo\.m2\repository\org\springframework\boot\spring-boot-starter-security\3.2.0\spring-boot-starter-security-3.2.0.jar;C:\Users\lenovo\.m2\repository\org\springframework\spring-aop\6.1.1\spring-aop-6.1.1.jar;C:\Users\lenovo\.m2\repository\org\springframework\security\spring-security-config\6.2.0\spring-security-config-6.2.0.jar;C:\Users\lenovo\.m2\repository\org\springframework\security\spring-security-core\6.2.0\spring-security-core-6.2.0.jar;C:\Users\lenovo\.m2\repository\org\springframework\security\spring-security-crypto\6.2.0\spring-security-crypto-6.2.0.jar;C:\Users\lenovo\.m2\repository\org\springframework\security\spring-security-web\6.2.0\spring-security-web-6.2.0.jar;C:\Users\lenovo\.m2\repository\org\springframework\spring-expression\6.1.1\spring-expression-6.1.1.jar;C:\Users\lenovo\.m2\repository\org\springframework\boot\spring-boot-starter-test\3.2.0\spring-boot-starter-test-3.2.0.jar;C:\Users\lenovo\.m2\repository\org\springframework\boot\spring-boot-test\3.2.0\spring-boot-test-3.2.0.jar;C:\Users\lenovo\.m2\repository\org\springframework\boot\spring-boot-test-autoconfigure\3.2.0\spring-boot-test-autoconfigure-3.2.0.jar;C:\Users\lenovo\.m2\repository\com\jayway\jsonpath\json-path\2.8.0\json-path-2.8.0.jar;C:\Users\lenovo\.m2\repository\jakarta\xml\bind\jakarta.xml.bind-api\4.0.1\jakarta.xml.bind-api-4.0.1.jar;C:\Users\lenovo\.m2\repository\jakarta\activation\jakarta.activation-api\2.1.2\jakarta.activation-api-2.1.2.jar;C:\Users\lenovo\.m2\repository\net\minidev\json-smart\2.5.0\json-smart-2.5.0.jar;C:\Users\lenovo\.m2\repository\net\minidev\accessors-smart\2.5.0\accessors-smart-2.5.0.jar;C:\Users\lenovo\.m2\repository\org\assertj\assertj-core\3.24.2\assertj-core-3.24.2.jar;C:\Users\lenovo\.m2\repository\org\awaitility\awaitility\4.2.0\awaitility-4.2.0.jar;C:\Users\lenovo\.m2\repository\org\hamcrest\hamcrest\2.2\hamcrest-2.2.jar;C:\Users\lenovo\.m2\repository\org\junit\jupiter\junit-jupiter\5.10.1\junit-jupiter-5.10.1.jar;C:\Users\lenovo\.m2\repository\org\junit\jupiter\junit-jupiter-api\5.10.1\junit-jupiter-api-5.10.1.jar;C:\Users\lenovo\.m2\repository\org\opentest4j\opentest4j\1.3.0\opentest4j-1.3.0.jar;C:\Users\lenovo\.m2\repository\org\junit\platform\junit-platform-commons\1.10.1\junit-platform-commons-1.10.1.jar;C:\Users\lenovo\.m2\repository\org\apiguardian\apiguardian-api\1.1.2\apiguardian-api-1.1.2.jar;C:\Users\lenovo\.m2\repository\org\junit\jupiter\junit-jupiter-params\5.10.1\junit-jupiter-params-5.10.1.jar;C:\Users\lenovo\.m2\repository\org\junit\jupiter\junit-jupiter-engine\5.10.1\junit-jupiter-engine-5.10.1.jar;C:\Users\lenovo\.m2\repository\org\mockito\mockito-core\5.7.0\mockito-core-5.7.0.jar;C:\Users\lenovo\.m2\repository\net\bytebuddy\byte-buddy-agent\1.14.10\byte-buddy-agent-1.14.10.jar;C:\Users\lenovo\.m2\repository\org\objenesis\objenesis\3.3\objenesis-3.3.jar;C:\Users\lenovo\.m2\repository\org\mockito\mockito-junit-jupiter\5.7.0\mockito-junit-jupiter-5.7.0.jar;C:\Users\lenovo\.m2\repository\org\skyscreamer\jsonassert\1.5.1\jsonassert-1.5.1.jar;C:\Users\lenovo\.m2\repository\com\vaadin\external\google\android-json\0.0.20131108.vaadin1\android-json-0.0.20131108.vaadin1.jar;C:\Users\lenovo\.m2\repository\org\springframework\spring-core\6.1.1\spring-core-6.1.1.jar;C:\Users\lenovo\.m2\repository\org\springframework\spring-jcl\6.1.1\spring-jcl-6.1.1.jar;C:\Users\lenovo\.m2\repository\org\springframework\spring-test\6.1.1\spring-test-6.1.1.jar;C:\Users\lenovo\.m2\repository\org\xmlunit\xmlunit-core\2.9.1\xmlunit-core-2.9.1.jar;C:\Users\lenovo\.m2\repository\org\flywaydb\flyway-core\5.1.4\flyway-core-5.1.4.jar;C:\Users\lenovo\.m2\repository\com\vaadin\vaadin-testbench-junit5\24.3.0\vaadin-testbench-junit5-24.3.0.jar;C:\Users\lenovo\.m2\repository\com\vaadin\vaadin-testbench-core-junit5\9.2.0\vaadin-testbench-core-junit5-9.2.0.jar;C:\Users\lenovo\.m2\repository\org\seleniumhq\selenium\selenium-remote-driver\4.15.0\selenium-remote-driver-4.15.0.jar;C:\Users\lenovo\.m2\repository\com\google\auto\service\auto-service-annotations\1.1.1\auto-service-annotations-1.1.1.jar;C:\Users\lenovo\.m2\repository\com\google\guava\guava\32.1.2-jre\guava-32.1.2-jre.jar;C:\Users\lenovo\.m2\repository\com\google\guava\failureaccess\1.0.1\failureaccess-1.0.1.jar;C:\Users\lenovo\.m2\repository\com\google\guava\listenablefuture\9999.0-empty-to-avoid-conflict-with-guava\listenablefuture-9999.0-empty-to-avoid-conflict-with-guava.jar;C:\Users\lenovo\.m2\repository\com\google\errorprone\error_prone_annotations\2.18.0\error_prone_annotations-2.18.0.jar;C:\Users\lenovo\.m2\repository\com\google\j2objc\j2objc-annotations\2.8\j2objc-annotations-2.8.jar;C:\Users\lenovo\.m2\repository\io\opentelemetry\opentelemetry-api\1.31.0\opentelemetry-api-1.31.0.jar;C:\Users\lenovo\.m2\repository\io\opentelemetry\opentelemetry-context\1.31.0\opentelemetry-context-1.31.0.jar;C:\Users\lenovo\.m2\repository\io\opentelemetry\opentelemetry-exporter-logging\1.31.0\opentelemetry-exporter-logging-1.31.0.jar;C:\Users\lenovo\.m2\repository\io\opentelemetry\opentelemetry-sdk-common\1.31.0\opentelemetry-sdk-common-1.31.0.jar;C:\Users\lenovo\.m2\repository\io\opentelemetry\opentelemetry-sdk-extension-autoconfigure-spi\1.31.0\opentelemetry-sdk-extension-autoconfigure-spi-1.31.0.jar;C:\Users\lenovo\.m2\repository\io\opentelemetry\opentelemetry-sdk-extension-autoconfigure\1.31.0\opentelemetry-sdk-extension-autoconfigure-1.31.0.jar;C:\Users\lenovo\.m2\repository\io\opentelemetry\opentelemetry-api-events\1.31.0-alpha\opentelemetry-api-events-1.31.0-alpha.jar;C:\Users\lenovo\.m2\repository\io\opentelemetry\opentelemetry-sdk-trace\1.31.0\opentelemetry-sdk-trace-1.31.0.jar;C:\Users\lenovo\.m2\repository\io\opentelemetry\opentelemetry-sdk\1.31.0\opentelemetry-sdk-1.31.0.jar;C:\Users\lenovo\.m2\repository\io\opentelemetry\opentelemetry-sdk-metrics\1.31.0\opentelemetry-sdk-metrics-1.31.0.jar;C:\Users\lenovo\.m2\repository\io\opentelemetry\opentelemetry-extension-incubator\1.31.0-alpha\opentelemetry-extension-incubator-1.31.0-alpha.jar;C:\Users\lenovo\.m2\repository\io\opentelemetry\opentelemetry-sdk-logs\1.31.0\opentelemetry-sdk-logs-1.31.0.jar;C:\Users\lenovo\.m2\repository\io\opentelemetry\opentelemetry-semconv\1.28.0-alpha\opentelemetry-semconv-1.28.0-alpha.jar;C:\Users\lenovo\.m2\repository\org\seleniumhq\selenium\selenium-api\4.15.0\selenium-api-4.15.0.jar;C:\Users\lenovo\.m2\repository\org\seleniumhq\selenium\selenium-http\4.15.0\selenium-http-4.15.0.jar;C:\Users\lenovo\.m2\repository\dev\failsafe\failsafe\3.3.2\failsafe-3.3.2.jar;C:\Users\lenovo\.m2\repository\org\seleniumhq\selenium\selenium-json\4.15.0\selenium-json-4.15.0.jar;C:\Users\lenovo\.m2\repository\org\seleniumhq\selenium\selenium-manager\4.15.0\selenium-manager-4.15.0.jar;C:\Users\lenovo\.m2\repository\org\seleniumhq\selenium\selenium-os\4.15.0\selenium-os-4.15.0.jar;C:\Users\lenovo\.m2\repository\org\apache\commons\commons-exec\1.3\commons-exec-1.3.jar;C:\Users\lenovo\.m2\repository\org\seleniumhq\selenium\selenium-java\4.15.0\selenium-java-4.15.0.jar;C:\Users\lenovo\.m2\repository\org\seleniumhq\selenium\selenium-chrome-driver\4.15.0\selenium-chrome-driver-4.15.0.jar;C:\Users\lenovo\.m2\repository\org\seleniumhq\selenium\selenium-chromium-driver\4.15.0\selenium-chromium-driver-4.15.0.jar;C:\Users\lenovo\.m2\repository\org\seleniumhq\selenium\selenium-devtools-v117\4.15.0\selenium-devtools-v117-4.15.0.jar;C:\Users\lenovo\.m2\repository\org\seleniumhq\selenium\selenium-devtools-v118\4.15.0\selenium-devtools-v118-4.15.0.jar;C:\Users\lenovo\.m2\repository\org\seleniumhq\selenium\selenium-devtools-v119\4.15.0\selenium-devtools-v119-4.15.0.jar;C:\Users\lenovo\.m2\repository\org\seleniumhq\selenium\selenium-devtools-v85\4.15.0\selenium-devtools-v85-4.15.0.jar;C:\Users\lenovo\.m2\repository\org\seleniumhq\selenium\selenium-edge-driver\4.15.0\selenium-edge-driver-4.15.0.jar;C:\Users\lenovo\.m2\repository\org\seleniumhq\selenium\selenium-firefox-driver\4.15.0\selenium-firefox-driver-4.15.0.jar;C:\Users\lenovo\.m2\repository\org\seleniumhq\selenium\selenium-ie-driver\4.15.0\selenium-ie-driver-4.15.0.jar;C:\Users\lenovo\.m2\repository\org\seleniumhq\selenium\selenium-safari-driver\4.15.0\selenium-safari-driver-4.15.0.jar;C:\Users\lenovo\.m2\repository\org\seleniumhq\selenium\selenium-support\4.15.0\selenium-support-4.15.0.jar;C:\Users\lenovo\.m2\repository\org\junit\platform\junit-platform-engine\1.10.1\junit-platform-engine-1.10.1.jar;C:\Users\lenovo\.m2\repository\org\javassist\javassist\3.28.0-GA\javassist-3.28.0-GA.jar;C:\Users\lenovo\.m2\repository\com\vaadin\license-checker\1.12.3\license-checker-1.12.3.jar;C:\Users\lenovo\.m2\repository\com\github\oshi\oshi-core\6.4.1\oshi-core-6.4.1.jar;C:\Users\lenovo\.m2\repository\net\java\dev\jna\jna\5.13.0\jna-5.13.0.jar;C:\Users\lenovo\.m2\repository\net\java\dev\jna\jna-platform\5.13.0\jna-platform-5.13.0.jar;C:\Users\lenovo\.m2\repository\com\nimbusds\nimbus-jose-jwt\9.31\nimbus-jose-jwt-9.31.jar;C:\Users\lenovo\.m2\repository\org\lucee\jcip-annotations\1.0.0\jcip-annotations-1.0.0.jar;C:\Users\lenovo\.m2\repository\com\vaadin\open\8.5.0\open-8.5.0.jar;C:\Users\lenovo\.m2\repository\com\vaadin\external\gwt\gwt-elemental\2.8.2.vaadin2\gwt-elemental-2.8.2.vaadin2.jar;C:\Users\lenovo\.m2\repository\com\vaadin\vaadin-testbench-unit-junit5\9.2.0\vaadin-testbench-unit-junit5-9.2.0.jar;C:\Users\lenovo\.m2\repository\com\vaadin\vaadin-testbench-unit-shared\9.2.0\vaadin-testbench-unit-shared-9.2.0.jar;C:\Users\lenovo\.m2\repository\io\github\classgraph\classgraph\4.8.146\classgraph-4.8.146.jar;C:\Users\lenovo\.m2\repository\jakarta\servlet\jakarta.servlet-api\6.0.0\jakarta.servlet-api-6.0.0.jar;C:\Users\lenovo\.m2\repository\org\jetbrains\kotlin\kotlin-stdlib-jdk8\1.9.20\kotlin-stdlib-jdk8-1.9.20.jar;C:\Users\lenovo\.m2\repository\org\jetbrains\kotlin\kotlin-stdlib\1.9.20\kotlin-stdlib-1.9.20.jar;C:\Users\lenovo\.m2\repository\org\jetbrains\annotations\13.0\annotations-13.0.jar;C:\Users\lenovo\.m2\repository\org\jetbrains\kotlin\kotlin-stdlib-jdk7\1.9.20\kotlin-stdlib-jdk7-1.9.20.jar;C:\Users\lenovo\.m2\repository\org\jetbrains\kotlin\kotlin-reflect\1.9.20\kotlin-reflect-1.9.20.jar;C:\Users\lenovo\.m2\repository\com\vaadin\vaadin-testbench-shared\9.2.0\vaadin-testbench-shared-9.2.0.jar;C:\Users\lenovo\.m2\repository\commons-codec\commons-codec\1.16.0\commons-codec-1.16.0.jar;C:\Users\lenovo\.m2\repository\com\vaadin\flow-html-components-testbench\24.3.0\flow-html-components-testbench-24.3.0.jar;C:\Users\lenovo\.m2\repository\com\vaadin\vaadin-accordion-testbench\24.3.0\vaadin-accordion-testbench-24.3.0.jar;C:\Users\lenovo\.m2\repository\com\vaadin\vaadin-app-layout-testbench\24.3.0\vaadin-app-layout-testbench-24.3.0.jar;C:\Users\lenovo\.m2\repository\com\vaadin\vaadin-avatar-testbench\24.3.0\vaadin-avatar-testbench-24.3.0.jar;C:\Users\lenovo\.m2\repository\com\vaadin\vaadin-board-testbench\24.3.0\vaadin-board-testbench-24.3.0.jar;C:\Users\lenovo\.m2\repository\com\vaadin\vaadin-button-testbench\24.3.0\vaadin-button-testbench-24.3.0.jar;C:\Users\lenovo\.m2\repository\com\vaadin\vaadin-charts-testbench\24.3.0\vaadin-charts-testbench-24.3.0.jar;C:\Users\lenovo\.m2\repository\com\vaadin\vaadin-checkbox-testbench\24.3.0\vaadin-checkbox-testbench-24.3.0.jar;C:\Users\lenovo\.m2\repository\com\vaadin\vaadin-combo-box-testbench\24.3.0\vaadin-combo-box-testbench-24.3.0.jar;C:\Users\lenovo\.m2\repository\com\vaadin\vaadin-confirm-dialog-testbench\24.3.0\vaadin-confirm-dialog-testbench-24.3.0.jar;C:\Users\lenovo\.m2\repository\com\vaadin\vaadin-context-menu-testbench\24.3.0\vaadin-context-menu-testbench-24.3.0.jar;C:\Users\lenovo\.m2\repository\com\vaadin\vaadin-cookie-consent-testbench\24.3.0\vaadin-cookie-consent-testbench-24.3.0.jar;C:\Users\lenovo\.m2\repository\com\vaadin\vaadin-crud-testbench\24.3.0\vaadin-crud-testbench-24.3.0.jar;C:\Users\lenovo\.m2\repository\com\vaadin\vaadin-custom-field-testbench\24.3.0\vaadin-custom-field-testbench-24.3.0.jar;C:\Users\lenovo\.m2\repository\com\vaadin\vaadin-date-picker-testbench\24.3.0\vaadin-date-picker-testbench-24.3.0.jar;C:\Users\lenovo\.m2\repository\com\vaadin\vaadin-date-time-picker-testbench\24.3.0\vaadin-date-time-picker-testbench-24.3.0.jar;C:\Users\lenovo\.m2\repository\com\vaadin\vaadin-details-testbench\24.3.0\vaadin-details-testbench-24.3.0.jar;C:\Users\lenovo\.m2\repository\com\vaadin\vaadin-dialog-testbench\24.3.0\vaadin-dialog-testbench-24.3.0.jar;C:\Users\lenovo\.m2\repository\com\vaadin\vaadin-form-layout-testbench\24.3.0\vaadin-form-layout-testbench-24.3.0.jar;C:\Users\lenovo\.m2\repository\com\vaadin\vaadin-grid-testbench\24.3.0\vaadin-grid-testbench-24.3.0.jar;C:\Users\lenovo\.m2\repository\com\vaadin\vaadin-grid-pro-testbench\24.3.0\vaadin-grid-pro-testbench-24.3.0.jar;C:\Users\lenovo\.m2\repository\com\vaadin\vaadin-icons-testbench\24.3.0\vaadin-icons-testbench-24.3.0.jar;C:\Users\lenovo\.m2\repository\com\vaadin\vaadin-virtual-list-testbench\24.3.0\vaadin-virtual-list-testbench-24.3.0.jar;C:\Users\lenovo\.m2\repository\com\vaadin\vaadin-list-box-testbench\24.3.0\vaadin-list-box-testbench-24.3.0.jar;C:\Users\lenovo\.m2\repository\com\vaadin\vaadin-login-testbench\24.3.0\vaadin-login-testbench-24.3.0.jar;C:\Users\lenovo\.m2\repository\com\vaadin\vaadin-menu-bar-testbench\24.3.0\vaadin-menu-bar-testbench-24.3.0.jar;C:\Users\lenovo\.m2\repository\com\vaadin\vaadin-messages-testbench\24.3.0\vaadin-messages-testbench-24.3.0.jar;C:\Users\lenovo\.m2\repository\com\vaadin\vaadin-notification-testbench\24.3.0\vaadin-notification-testbench-24.3.0.jar;C:\Users\lenovo\.m2\repository\com\vaadin\vaadin-ordered-layout-testbench\24.3.0\vaadin-ordered-layout-testbench-24.3.0.jar;C:\Users\lenovo\.m2\repository\com\vaadin\vaadin-progress-bar-testbench\24.3.0\vaadin-progress-bar-testbench-24.3.0.jar;C:\Users\lenovo\.m2\repository\com\vaadin\vaadin-radio-button-testbench\24.3.0\vaadin-radio-button-testbench-24.3.0.jar;C:\Users\lenovo\.m2\repository\com\vaadin\vaadin-rich-text-editor-testbench\24.3.0\vaadin-rich-text-editor-testbench-24.3.0.jar;C:\Users\lenovo\.m2\repository\com\vaadin\vaadin-select-testbench\24.3.0\vaadin-select-testbench-24.3.0.jar;C:\Users\lenovo\.m2\repository\com\vaadin\vaadin-split-layout-testbench\24.3.0\vaadin-split-layout-testbench-24.3.0.jar;C:\Users\lenovo\.m2\repository\com\vaadin\vaadin-tabs-testbench\24.3.0\vaadin-tabs-testbench-24.3.0.jar;C:\Users\lenovo\.m2\repository\com\vaadin\vaadin-text-field-testbench\24.3.0\vaadin-text-field-testbench-24.3.0.jar;C:\Users\lenovo\.m2\repository\com\vaadin\vaadin-time-picker-testbench\24.3.0\vaadin-time-picker-testbench-24.3.0.jar;C:\Users\lenovo\.m2\repository\com\vaadin\vaadin-upload-testbench\24.3.0\vaadin-upload-testbench-24.3.0.jar;C:\Users\lenovo\.m2\repository\com\vaadin\vaadin-core\24.3.0\vaadin-core-24.3.0.jar;C:\Users\lenovo\.m2\repository\com\vaadin\vaadin-core-internal\24.3.0\vaadin-core-internal-24.3.0.jar;C:\Users\lenovo\.m2\repository\com\vaadin\flow-lit-template\24.3.0\flow-lit-template-24.3.0.jar;C:\Users\lenovo\.m2\repository\com\vaadin\flow-html-components\24.3.0\flow-html-components-24.3.0.jar;C:\Users\lenovo\.m2\repository\com\vaadin\flow-data\24.3.0\flow-data-24.3.0.jar;C:\Users\lenovo\.m2\repository\com\vaadin\flow-dnd\24.3.0\flow-dnd-24.3.0.jar;C:\Users\lenovo\.m2\repository\com\vaadin\vaadin-lumo-theme\24.3.0\vaadin-lumo-theme-24.3.0.jar;C:\Users\lenovo\.m2\repository\com\vaadin\vaadin-material-theme\24.3.0\vaadin-material-theme-24.3.0.jar;C:\Users\lenovo\.m2\repository\com\vaadin\vaadin-accordion-flow\24.3.0\vaadin-accordion-flow-24.3.0.jar;C:\Users\lenovo\.m2\repository\com\vaadin\vaadin-avatar-flow\24.3.0\vaadin-avatar-flow-24.3.0.jar;C:\Users\lenovo\.m2\repository\com\vaadin\vaadin-button-flow\24.3.0\vaadin-button-flow-24.3.0.jar;C:\Users\lenovo\.m2\repository\com\vaadin\vaadin-checkbox-flow\24.3.0\vaadin-checkbox-flow-24.3.0.jar;C:\Users\lenovo\.m2\repository\com\vaadin\vaadin-combo-box-flow\24.3.0\vaadin-combo-box-flow-24.3.0.jar;C:\Users\lenovo\.m2\repository\com\vaadin\vaadin-confirm-dialog-flow\24.3.0\vaadin-confirm-dialog-flow-24.3.0.jar;C:\Users\lenovo\.m2\repository\com\vaadin\vaadin-custom-field-flow\24.3.0\vaadin-custom-field-flow-24.3.0.jar;C:\Users\lenovo\.m2\repository\com\vaadin\vaadin-date-picker-flow\24.3.0\vaadin-date-picker-flow-24.3.0.jar;C:\Users\lenovo\.m2\repository\com\vaadin\vaadin-date-time-picker-flow\24.3.0\vaadin-date-time-picker-flow-24.3.0.jar;C:\Users\lenovo\.m2\repository\com\vaadin\vaadin-details-flow\24.3.0\vaadin-details-flow-24.3.0.jar;C:\Users\lenovo\.m2\repository\com\vaadin\vaadin-time-picker-flow\24.3.0\vaadin-time-picker-flow-24.3.0.jar;C:\Users\lenovo\.m2\repository\com\vaadin\vaadin-select-flow\24.3.0\vaadin-select-flow-24.3.0.jar;C:\Users\lenovo\.m2\repository\com\vaadin\vaadin-side-nav-flow\24.3.0\vaadin-side-nav-flow-24.3.0.jar;C:\Users\lenovo\.m2\repository\com\vaadin\vaadin-dialog-flow\24.3.0\vaadin-dialog-flow-24.3.0.jar;C:\Users\lenovo\.m2\repository\com\vaadin\vaadin-form-layout-flow\24.3.0\vaadin-form-layout-flow-24.3.0.jar;C:\Users\lenovo\.m2\repository\com\vaadin\vaadin-field-highlighter-flow\24.3.0\vaadin-field-highlighter-flow-24.3.0.jar;C:\Users\lenovo\.m2\repository\com\vaadin\vaadin-grid-flow\24.3.0\vaadin-grid-flow-24.3.0.jar;C:\Users\lenovo\.m2\repository\org\apache\commons\commons-lang3\3.13.0\commons-lang3-3.13.0.jar;C:\Users\lenovo\.m2\repository\com\vaadin\vaadin-icons-flow\24.3.0\vaadin-icons-flow-24.3.0.jar;C:\Users\lenovo\.m2\repository\com\vaadin\vaadin-virtual-list-flow\24.3.0\vaadin-virtual-list-flow-24.3.0.jar;C:\Users\lenovo\.m2\repository\com\vaadin\vaadin-list-box-flow\24.3.0\vaadin-list-box-flow-24.3.0.jar;C:\Users\lenovo\.m2\repository\com\vaadin\vaadin-login-flow\24.3.0\vaadin-login-flow-24.3.0.jar;C:\Users\lenovo\.m2\repository\com\vaadin\vaadin-messages-flow\24.3.0\vaadin-messages-flow-24.3.0.jar;C:\Users\lenovo\.m2\repository\com\vaadin\vaadin-ordered-layout-flow\24.3.0\vaadin-ordered-layout-flow-24.3.0.jar;C:\Users\lenovo\.m2\repository\com\vaadin\vaadin-progress-bar-flow\24.3.0\vaadin-progress-bar-flow-24.3.0.jar;C:\Users\lenovo\.m2\repository\com\vaadin\vaadin-radio-button-flow\24.3.0\vaadin-radio-button-flow-24.3.0.jar;C:\Users\lenovo\.m2\repository\com\vaadin\vaadin-renderer-flow\24.3.0\vaadin-renderer-flow-24.3.0.jar;C:\Users\lenovo\.m2\repository\com\vaadin\vaadin-split-layout-flow\24.3.0\vaadin-split-layout-flow-24.3.0.jar;C:\Users\lenovo\.m2\repository\com\vaadin\vaadin-tabs-flow\24.3.0\vaadin-tabs-flow-24.3.0.jar;C:\Users\lenovo\.m2\repository\com\vaadin\vaadin-text-field-flow\24.3.0\vaadin-text-field-flow-24.3.0.jar;C:\Users\lenovo\.m2\repository\com\vaadin\vaadin-upload-flow\24.3.0\vaadin-upload-flow-24.3.0.jar;C:\Users\lenovo\.m2\repository\com\vaadin\vaadin-notification-flow\24.3.0\vaadin-notification-flow-24.3.0.jar;C:\Users\lenovo\.m2\repository\com\vaadin\vaadin-app-layout-flow\24.3.0\vaadin-app-layout-flow-24.3.0.jar;C:\Users\lenovo\.m2\repository\com\vaadin\vaadin-context-menu-flow\24.3.0\vaadin-context-menu-flow-24.3.0.jar;C:\Users\lenovo\.m2\repository\com\vaadin\vaadin-menu-bar-flow\24.3.0\vaadin-menu-bar-flow-24.3.0.jar;C:\Users\lenovo\.m2\repository\org\postgresql\postgresql\42.6.0\postgresql-42.6.0.jar;C:\Users\lenovo\.m2\repository\org\checkerframework\checker-qual\3.31.0\checker-qual-3.31.0.jar;"/>
    <property name="sun.cpu.endian" value="little"/>
    <property name="user.home" value="C:\Users\lenovo"/>
    <property name="user.language" value="ru"/>
    <property name="java.specification.vendor" value="Oracle Corporation"/>
    <property name="java.version.date" value="2023-10-17"/>
    <property name="java.home" value="C:\Program Files\Java\jdk-17"/>
    <property name="file.separator" value="\"/>
    <property name="basedir" value="D:\java_projects\springcrm"/>
    <property name="java.vm.compressedOopsMode" value="Zero based"/>
    <property name="line.separator" value="&#10;"/>
    <property name="java.vm.specification.vendor" value="Oracle Corporation"/>
    <property name="java.specification.name" value="Java Platform API Specification"/>
    <property name="FILE_LOG_CHARSET" value="windows-1251"/>
    <property name="java.awt.headless" value="true"/>
    <property name="surefire.real.class.path" value="C:\Users\lenovo\AppData\Local\Temp\surefire9663300940988694855\surefirebooter-20240904171520535_3.jar"/>
    <property name="user.script" value=""/>
    <property name="sun.management.compiler" value="HotSpot 64-Bit Tiered Compilers"/>
    <property name="java.runtime.version" value="17.0.9+11-LTS-201"/>
    <property name="user.name" value="lenovo"/>
    <property name="path.separator" value=";"/>
    <property name="os.version" value="10.0"/>
    <property name="java.runtime.name" value="Java(TM) SE Runtime Environment"/>
    <property name="file.encoding" value="Cp1251"/>
    <property name="java.vm.name" value="Java HotSpot(TM) 64-Bit Server VM"/>
    <property name="localRepository" value="C:\Users\lenovo\.m2\repository"/>
    <property name="java.vendor.url.bug" value="https://bugreport.java.com/bugreport/"/>
    <property name="java.io.tmpdir" value="C:\Users\lenovo\AppData\Local\Temp\"/>
    <property name="java.version" value="17.0.9"/>
    <property name="user.dir" value="D:\java_projects\springcrm"/>
    <property name="os.arch" value="amd64"/>
    <property name="java.vm.specification.name" value="Java Virtual Machine Specification"/>
    <property name="PID" value="5752"/>
    <property name="user.language.format" value="de"/>
    <property name="sun.os.patch.level" value=""/>
    <property name="CONSOLE_LOG_CHARSET" value="windows-1251"/>
    <property name="native.encoding" value="Cp1251"/>
    <property name="java.library.path" value="C:\Program Files\Java\jdk-17\bin;C:\WINDOWS\Sun\Java\bin;C:\WINDOWS\system32;C:\WINDOWS;C:\Program Files\Python312\Scripts\;C:\Program Files\Python312\;C:\Program Files\Common Files\Oracle\Java\javapath;C:\Windows\system32;C:\Windows;C:\Windows\System32\Wbem;C:\Windows\System32\WindowsPowerShell\v1.0\;C:\Program Files (x86)\NVIDIA Corporation\PhysX\Common;C:\Program Files\Java\jdk-9.0.4\bin;F:\Soft\Java\apache-maven-3.5.0-bin\\bin;C:\Program Files (x86)\Microsoft SQL Server\100\Tools\Binn\VSShell\Common7\IDE\;C:\Program Files (x86)\Microsoft SQL Server\100\Tools\Binn\;C:\Program Files\Microsoft SQL Server\100\Tools\Binn\;C:\Program Files (x86)\Microsoft SQL Server\100\DTS\Binn\;C:\Program Files\MySQL\MySQL Server 5.5\bin;C:\WINDOWS\system32;C:\WINDOWS;C:\WINDOWS\System32\Wbem;C:\WINDOWS\System32\WindowsPowerShell\v1.0\;C:\WINDOWS\System32\OpenSSH\;C:\Program Files\NVIDIA Corporation\NVIDIA NvDLISR;C:\WINDOWS\system32;C:\WINDOWS;C:\WINDOWS\System32\Wbem;C:\WINDOWS\System32\WindowsPowerShell\v1.0\;C:\WINDOWS\System32\OpenSSH\;C:\Program Files\Git\cmd;C:\Program Files\Git\mingw64\bin;C:\Program Files\Git\usr\bin;C:\Program Files (x86)\dotnet\;C:\Program Files\dotnet\;C:\Program Files\Java\jdk-17\bin;;C:\ProgramData\chocolatey\bin;C:\Program Files\nodejs\;C:\Users\lenovo\AppData\Local\Programs\Python\Launcher\;C:\Users\lenovo\AppData\Local\Microsoft\WindowsApps;C:\Program Files\JetBrains\IntelliJ IDEA Community Edition 2023.3.1\bin;D:\Program Files\IntelliJ IDEA 2023.3.1\bin;C:\Program Files\heroku\bin;C:\Users\lenovo\AppData\Roaming\npm;."/>
    <property name="java.vm.info" value="mixed mode, sharing"/>
    <property name="java.vendor" value="Oracle Corporation"/>
    <property name="java.vm.version" value="17.0.9+11-LTS-201"/>
    <property name="sun.io.unicode.encoding" value="UnicodeLittle"/>
    <property name="java.class.version" value="61.0"/>
    <property name="LOGGED_APPLICATION_NAME" value="[springcrm] "/>
  </properties>
  <testcase name="contextLoads" classname="de.contacts.springcrm.SpringCRMApplicationTests" time="0.526">
    <system-out><![CDATA[17:15:21.758 [ForkJoinPool-1-worker-1] INFO org.springframework.test.context.support.AnnotationConfigContextLoaderUtils -- Could not detect default configuration classes for test class [de.contacts.springcrm.SpringCRMApplicationTests]: SpringCRMApplicationTests does not declare any static, non-private, non-final, nested classes annotated with @Configuration.
17:15:21.903 [ForkJoinPool-1-worker-1] INFO org.springframework.boot.test.context.SpringBootTestContextBootstrapper -- Found @SpringBootConfiguration de.contacts.springcrm.SpringCRMApplication for test class de.contacts.springcrm.SpringCRMApplicationTests
17:15:22.117 [ForkJoinPool-1-worker-1] INFO org.springframework.boot.devtools.restart.RestartApplicationListener -- Restart disabled due to context in which it is running

  .   ____          _            __ _ _
 /\\ / ___'_ __ _ _(_)_ __  __ _ \ \ \ \
( ( )\___ | '_ | '_| | '_ \/ _` | \ \ \ \
 \\/  ___)| |_)| | | | | || (_| |  ) ) ) )
  '  |____| .__|_| |_|_| |_\__, | / / / /
 =========|_|==============|___/=/_/_/_/
 :: Spring Boot ::                (v3.2.0)

2024-09-04T17:15:22.465+02:00  INFO 5752 --- [springcrm] [Pool-1-worker-1] d.c.springcrm.SpringCRMApplicationTests  : Starting SpringCRMApplicationTests using Java 17.0.9 with PID 5752 (started by lenovo in D:\java_projects\springcrm)
2024-09-04T17:15:22.466+02:00  INFO 5752 --- [springcrm] [Pool-1-worker-1] d.c.springcrm.SpringCRMApplicationTests  : No active profile set, falling back to 1 default profile: "default"
2024-09-04T17:15:23.509+02:00  INFO 5752 --- [springcrm] [Pool-1-worker-1] .s.d.r.c.RepositoryConfigurationDelegate : Bootstrapping Spring Data JPA repositories in DEFAULT mode.
2024-09-04T17:15:23.604+02:00  INFO 5752 --- [springcrm] [Pool-1-worker-1] .s.d.r.c.RepositoryConfigurationDelegate : Finished Spring Data repository scanning in 87 ms. Found 3 JPA repository interfaces.
2024-09-04T17:15:23.746+02:00  INFO 5752 --- [springcrm] [Pool-1-worker-1] beddedDataSourceBeanFactoryPostProcessor : Replacing 'dataSource' DataSource bean with embedded version
2024-09-04T17:15:24.209+02:00  INFO 5752 --- [springcrm] [Pool-1-worker-1] o.s.j.d.e.EmbeddedDatabaseFactory        : Starting embedded database: url='jdbc:h2:mem:85228378-38b5-4212-84c5-1f0a8844e864;DB_CLOSE_DELAY=-1;DB_CLOSE_ON_EXIT=false', username='sa'
2024-09-04T17:15:24.539+02:00  INFO 5752 --- [springcrm] [Pool-1-worker-1] o.hibernate.jpa.internal.util.LogHelper  : HHH000204: Processing PersistenceUnitInfo [name: default]
2024-09-04T17:15:24.651+02:00  INFO 5752 --- [springcrm] [Pool-1-worker-1] org.hibernate.Version                    : HHH000412: Hibernate ORM core version 6.3.1.Final
2024-09-04T17:15:24.722+02:00  INFO 5752 --- [springcrm] [Pool-1-worker-1] o.h.c.internal.RegionFactoryInitiator    : HHH000026: Second-level cache disabled
2024-09-04T17:15:25.052+02:00  INFO 5752 --- [springcrm] [Pool-1-worker-1] o.s.o.j.p.SpringPersistenceUnitInfo      : No LoadTimeWeaver setup: ignoring JPA class transformer
2024-09-04T17:15:26.247+02:00  INFO 5752 --- [springcrm] [Pool-1-worker-1] o.h.e.t.j.p.i.JtaPlatformInitiator       : HHH000489: No JTA platform available (set 'hibernate.transaction.jta.platform' to enable JTA platform integration)
2024-09-04T17:15:26.299+02:00  INFO 5752 --- [springcrm] [Pool-1-worker-1] j.LocalContainerEntityManagerFactoryBean : Initialized JPA EntityManagerFactory for persistence unit 'default'
2024-09-04T17:15:26.734+02:00  INFO 5752 --- [springcrm] [Pool-1-worker-1] o.s.d.j.r.query.QueryEnhancerFactory     : Hibernate is in classpath; If applicable, HQL parser will be used.
2024-09-04T17:15:27.376+02:00  WARN 5752 --- [springcrm] [Pool-1-worker-1] JpaBaseConfiguration$JpaWebConfiguration : spring.jpa.open-in-view is enabled by default. Therefore, database queries may be performed during view rendering. Explicitly configure spring.jpa.open-in-view to disable this warning
2024-09-04T17:15:27.799+02:00  INFO 5752 --- [springcrm] [Pool-1-worker-1] o.s.s.web.DefaultSecurityFilterChain     : Will secure any request with [org.springframework.security.web.session.DisableEncodeUrlFilter@1eab79dc, org.springframework.security.web.context.request.async.WebAsyncManagerIntegrationFilter@39800cd7, org.springframework.security.web.context.SecurityContextHolderFilter@507adde9, org.springframework.security.web.header.HeaderWriterFilter@61ae5f4a, org.springframework.web.filter.CorsFilter@c538077, org.springframework.security.web.csrf.CsrfFilter@3f40e231, org.springframework.security.web.authentication.logout.LogoutFilter@3e02cde5, org.springframework.security.web.authentication.UsernamePasswordAuthenticationFilter@a1ef51d, org.springframework.security.web.savedrequest.RequestCacheAwareFilter@3820cebc, org.springframework.security.web.servletapi.SecurityContextHolderAwareRequestFilter@25e1f4d8, org.springframework.security.web.authentication.AnonymousAuthenticationFilter@6923ca93, org.springframework.security.web.access.ExceptionTranslationFilter@2b8ddb9e, org.springframework.security.web.access.intercept.AuthorizationFilter@694afb37]
2024-09-04T17:15:28.241+02:00  INFO 5752 --- [springcrm] [Pool-1-worker-1] d.c.springcrm.SpringCRMApplicationTests  : Started SpringCRMApplicationTests in 6.141 seconds (process running for 7.566)
]]></system-out>
  </testcase>
</testsuite>